helloIOIO/build/outputs/apk/manifest-merger-debug-report.txt
-- Merging decision tree log ---
manifest
ADDED from AndroidManifest.xml:2:1
	package
		ADDED from AndroidManifest.xml:3:52
		INJECTED from AndroidManifest.xml:0:0
		INJECTED from AndroidManifest.xml:0:0
	android:versionName
		ADDED from AndroidManifest.xml:3:26
	android:versionCode
		ADDED from AndroidManifest.xml:3:2
		INJECTED from AndroidManifest.xml:0:0
		INJECTED from AndroidManifest.xml:0:0
	xmlns:android
		ADDED from AndroidManifest.xml:2:11
uses-sdk
ADDED from AndroidManifest.xml:4:2
MERGED from HelloIOIO:joystick:unspecified:7:5
	android:targetSdkVersion
		ADDED from AndroidManifest.xml:4:12
		INJECTED from AndroidManifest.xml:0:0
		INJECTED from AndroidManifest.xml:0:0
	android:minSdkVersion
		ADDED from AndroidManifest.xml:4:42
		INJECTED from AndroidManifest.xml:0:0
		INJECTED from AndroidManifest.xml:0:0
application
ADDED from AndroidManifest.xml:5:2
	android:label
		ADDED from AndroidManifest.xml:5:45
	android:icon
		ADDED from AndroidManifest.xml:5:15
uses-library#com.android.future.usb.accessory
ADDED from AndroidManifest.xml:6:3
	android:required
		ADDED from AndroidManifest.xml:7:4
	android:name
		ADDED from AndroidManifest.xml:6:17
activity#ioio.examples.hello.MainActivity
ADDED from AndroidManifest.xml:8:3
	android:label
		ADDED from AndroidManifest.xml:8:13
	android:launchMode
		ADDED from AndroidManifest.xml:9:4
	android:theme
		ADDED from AndroidManifest.xml:10:13
	android:name
		ADDED from AndroidManifest.xml:8:46
intent-filter#android.intent.action.MAIN+android.intent.category.LAUNCHER
ADDED from AndroidManifest.xml:11:4
action#android.intent.action.MAIN
ADDED from AndroidManifest.xml:12:5
	android:name
		ADDED from AndroidManifest.xml:12:13
category#android.intent.category.LAUNCHER
ADDED from AndroidManifest.xml:13:5
	android:name
		ADDED from AndroidManifest.xml:13:15
uses-permission#android.permission.WAKE_LOCK
ADDED from AndroidManifest.xml:17:5
	android:name
		ADDED from AndroidManifest.xml:17:22
uses-permission#android.permission.BLUETOOTH
ADDED from HelloIOIO:iOIOLibBT:unspecified:7:5
	android:name
		ADDED from HelloIOIO:iOIOLibBT:unspecified:7:22
android:uses-permission#android.permission.WRITE_EXTERNAL_STORAGE
IMPLIED from AndroidManifest.xml:2:1 reason: ioio.lib.bluetooth has a targetSdkVersion < 4
android:uses-permission#android.permission.READ_PHONE_STATE
IMPLIED from AndroidManifest.xml:2:1 reason: ioio.lib.bluetooth has a targetSdkVersion < 4
android:uses-permission#android.permission.READ_EXTERNAL_STORAGE
IMPLIED from AndroidManifest.xml:2:1 reason: ioio.lib.bluetooth requested WRITE_EXTERNAL_STORAGE
uses-permission#android.permission.INTERNET
ADDED from HelloIOIO:iOIOLibAndroid:unspecified:7:5
MERGED from HelloIOIO:iOIOLibAndroid:unspecified:7:5
MERGED from HelloIOIO:iOIOLibAndroid:unspecified:7:5
MERGED from HelloIOIO:iOIOLibAndroid:unspecified:7:5
	android:name
		ADDED from HelloIOIO:iOIOLibAndroid:unspecified:7:22
uses-feature#android.hardware.usb.accessory
ADDED from HelloIOIO:iOIOLibAccessory:unspecified:7:5
	android:required
		ADDED from HelloIOIO:iOIOLibAccessory:unspecified:9:9
	android:name
		ADDED from HelloIOIO:iOIOLibAccessory:unspecified:8:9
uses-feature#android.hardware.usb.host
ADDED from HelloIOIO:iOIOLibAndroidDevice:unspecified:7:5
	android:required
		ADDED from HelloIOIO:iOIOLibAndroidDevice:unspecified:9:9
	android:name
		ADDED from HelloIOIO:iOIOLibAndroidDevice:unspecified:8:9